<?xml version="1.0" encoding="UTF-8"?>
<!-- Generated by org.testng.reporters.JUnitReportReporter -->
<testsuite ignored="0" hostname="LIN66010718" failures="0" tests="1" name="appTests.CheckProduct" time="11.497" errors="0" timestamp="09 Jan 2023 10:21:47 GMT" skipped="0">
  <testcase classname="appTests.CheckProduct" name="testProduct" time="11.497"/>
</testsuite> <!-- appTests.CheckProduct -->
