<?xml version="1.0" encoding="UTF-8"?>
<!-- Generated by org.testng.reporters.JUnitReportReporter -->
<testsuite ignored="0" hostname="LIN66010718" failures="0" tests="1" name="appTests.CheckBag" time="37.538" errors="0" timestamp="09 Jan 2023 12:36:57 GMT" skipped="0">
  <testcase classname="appTests.CheckBag" name="testBag" time="37.538"/>
</testsuite> <!-- appTests.CheckBag -->
